<?xml version="1.0" encoding="UTF-8"?>
<testsuite name="ru.netology.PostmanEchoTest" tests="1" skipped="0" failures="0" errors="0" timestamp="2023-05-04T17:31:13" hostname="MacBook-Air-Maria.local" time="6.397">
  <properties/>
  <testcase name="shouldPostRawTextTest()" classname="ru.netology.PostmanEchoTest" time="6.397"/>
  <system-out><![CDATA[]]></system-out>
  <system-err><![CDATA[]]></system-err>
</testsuite>
